Bundling 6%
Bundling 12%
Bundling 24%
Bundling 37%
Bundling 65%
Bundling 71%
Bundling 76%
Bundling 81%
Bundling 86%
Bundling 91%
Bundling 98%
Bundling 100%
Getting composition
[90mComposition          Film[39m
[90mCodec                h264[39m
[90mOutput               out/final4.mp4[39m
[90mConcurrency          2x[39m
Rendered 0/570
Rendered 1/570, time remaining: 17m 59s
Rendered 2/570, time remaining: 9m 2s
Rendered 3/570, time remaining: 6m 26s
Rendered 4/570, time remaining: 4m 51s
Rendered 5/570, time remaining: 4m 3s
Rendered 6/570, time remaining: 3m 24s
Rendered 7/570, time remaining: 3m 1s
Rendered 8/570, time remaining: 2m 41s
Rendered 9/570, time remaining: 2m 26s
Rendered 10/570, time remaining: 2m 14s
Rendered 11/570, time remaining: 2m 3s
Rendered 12/570, time remaining: 1m 55s
Rendered 13/570, time remaining: 1m 47s
Rendered 14/570, time remaining: 1m 42s
Rendered 15/570, time remaining: 1m 36s
Rendered 16/570, time remaining: 1m 31s
Rendered 17/570, time remaining: 1m 30s
Rendered 18/570, time remaining: 1m 26s
Rendered 19/570, time remaining: 1m 24s
Rendered 20/570, time remaining: 1m 20s
Rendered 21/570, time remaining: 1m 18s
Rendered 22/570, time remaining: 1m 15s
Rendered 23/570, time remaining: 1m 13s
Rendered 24/570, time remaining: 1m 10s
Rendered 25/570, time remaining: 1m 9s
Rendered 26/570, time remaining: 1m 7s
Rendered 27/570, time remaining: 1m 6s
Rendered 28/570, time remaining: 1m 4s
Rendered 29/570, time remaining: 1m 3s
Rendered 30/570, time remaining: 1m 1s
Rendered 31/570, time remaining: 1m 0s
Rendered 32/570, time remaining: 59s
Rendered 33/570, time remaining: 58s
Rendered 34/570, time remaining: 56s
Rendered 35/570, time remaining: 57s
Rendered 36/570, time remaining: 55s
Rendered 37/570, time remaining: 55s
Rendered 38/570, time remaining: 53s
Rendered 39/570, time remaining: 53s
Rendered 40/570, time remaining: 52s
Rendered 41/570, time remaining: 52s
Rendered 42/570, time remaining: 50s
Rendered 43/570, time remaining: 50s
Rendered 44/570, time remaining: 50s
Rendered 45/570, time remaining: 49s
Rendered 46/570, time remaining: 48s
Rendered 47/570, time remaining: 48s
Rendered 48/570, time remaining: 47s
Rendered 49/570, time remaining: 47s
Rendered 50/570, time remaining: 46s
Rendered 51/570, time remaining: 46s
Rendered 52/570, time remaining: 45s
Rendered 53/570, time remaining: 45s
Rendered 54/570, time remaining: 44s
Rendered 55/570, time remaining: 44s
Rendered 56/570, time remaining: 43s
Rendered 57/570, time remaining: 43s
Rendered 58/570, time remaining: 42s
Rendered 59/570, time remaining: 42s
Rendered 60/570, time remaining: 42s
Rendered 61/570, time remaining: 41s
Rendered 62/570, time remaining: 41s
Rendered 63/570, time remaining: 41s
Rendered 64/570, time remaining: 40s
Rendered 65/570, time remaining: 40s
Rendered 66/570, time remaining: 40s
Rendered 67/570, time remaining: 40s
Rendered 68/570, time remaining: 40s
Rendered 69/570, time remaining: 39s
Rendered 69/570, time remaining: 39s
Rendered 70/570, time remaining: 39s
Rendered 71/570, time remaining: 39s
Rendered 72/570, time remaining: 39s
Rendered 73/570, time remaining: 38s
Rendered 74/570, time remaining: 38s
Rendered 75/570, time remaining: 38s
Rendered 76/570, time remaining: 38s
Rendered 77/570, time remaining: 37s
Rendered 78/570, time remaining: 37s
Rendered 79/570, time remaining: 37s
Rendered 79/570, time remaining: 37s
Rendered 80/570, time remaining: 37s
Rendered 81/570, time remaining: 37s
Rendered 82/570, time remaining: 37s
Rendered 83/570, time remaining: 36s
Rendered 83/570, time remaining: 36s
Rendered 84/570, time remaining: 38s
Rendered 85/570, time remaining: 37s
Rendered 86/570, time remaining: 38s
Rendered 87/570, time remaining: 37s
Rendered 87/570, time remaining: 37s
Rendered 88/570, time remaining: 39s
Rendered 89/570, time remaining: 39s
Rendered 90/570, time remaining: 39s
Rendered 91/570, time remaining: 39s
Rendered 91/570, time remaining: 39s
Rendered 92/570, time remaining: 39s
Rendered 93/570, time remaining: 39s
Rendered 94/570, time remaining: 39s
Rendered 95/570, time remaining: 39s
Rendered 96/570, time remaining: 39s
Rendered 97/570, time remaining: 39s
Rendered 97/570, time remaining: 39s
Rendered 98/570, time remaining: 39s
Rendered 99/570, time remaining: 39s
Rendered 100/570, time remaining: 39s
Rendered 101/570, time remaining: 39s
Rendered 102/570, time remaining: 39s
Rendered 103/570, time remaining: 39s
Rendered 103/570, time remaining: 39s
Rendered 104/570, time remaining: 39s
Rendered 105/570, time remaining: 39s
Rendered 106/570, time remaining: 39s
Rendered 107/570, time remaining: 38s
Rendered 108/570, time remaining: 38s
Rendered 109/570, time remaining: 38s
Rendered 110/570, time remaining: 38s
Rendered 110/570, time remaining: 38s
Rendered 111/570, time remaining: 38s
Rendered 112/570, time remaining: 37s
Rendered 113/570, time remaining: 38s
Rendered 114/570, time remaining: 37s
Rendered 115/570, time remaining: 38s
Rendered 116/570, time remaining: 37s
Rendered 116/570, time remaining: 37s
Rendered 117/570, time remaining: 37s
Rendered 118/570, time remaining: 37s
Rendered 119/570, time remaining: 37s
Rendered 120/570, time remaining: 37s
Rendered 121/570, time remaining: 37s
Rendered 122/570, time remaining: 36s
Rendered 123/570, time remaining: 36s
Rendered 124/570, time remaining: 36s
Rendered 124/570, time remaining: 36s
Rendered 125/570, time remaining: 36s
Rendered 126/570, time remaining: 36s
Rendered 127/570, time remaining: 36s
Rendered 128/570, time remaining: 36s
Rendered 129/570, time remaining: 36s
Rendered 130/570, time remaining: 35s
Rendered 130/570, time remaining: 35s
Rendered 131/570, time remaining: 36s
Rendered 132/570, time remaining: 35s
Rendered 133/570, time remaining: 35s
Rendered 134/570, time remaining: 35s
Rendered 135/570, time remaining: 35s
Rendered 135/570, time remaining: 35s
Rendered 135/570, time remaining: 35s
Rendered 136/570, time remaining: 37s
Rendered 137/570, time remaining: 38s
Rendered 137/570, time remaining: 38s
Rendered 138/570, time remaining: 38s
Rendered 138/570, time remaining: 38s
Rendered 139/570, time remaining: 39s
Rendered 140/570, time remaining: 39s
Rendered 141/570, time remaining: 39s
Rendered 142/570, time remaining: 39s
Rendered 142/570, time remaining: 39s
Rendered 143/570, time remaining: 39s
Rendered 144/570, time remaining: 39s
Rendered 145/570, time remaining: 39s
Rendered 146/570, time remaining: 39s
Rendered 147/570, time remaining: 39s
Rendered 148/570, time remaining: 39s
Rendered 148/570, time remaining: 39s
Rendered 149/570, time remaining: 39s
Rendered 150/570, time remaining: 39s
Rendered 151/570, time remaining: 34s
Rendered 152/570, time remaining: 34s
Rendered 153/570, time remaining: 34s
Rendered 154/570, time remaining: 34s
Rendered 154/570, time remaining: 34s
Rendered 155/570, time remaining: 34s
Rendered 156/570, time remaining: 34s
Rendered 157/570, time remaining: 34s
Rendered 158/570, time remaining: 34s
Rendered 158/570, time remaining: 34s
Rendered 159/570, time remaining: 34s
Rendered 160/570, time remaining: 34s
Rendered 161/570, time remaining: 34s
Rendered 162/570, time remaining: 34s
Rendered 163/570, time remaining: 34s
Rendered 164/570, time remaining: 34s
Rendered 165/570, time remaining: 34s
Rendered 165/570, time remaining: 34s
Rendered 166/570, time remaining: 34s
Rendered 167/570, time remaining: 34s
Rendered 168/570, time remaining: 34s
Rendered 169/570, time remaining: 34s
Rendered 170/570, time remaining: 34s
Rendered 171/570, time remaining: 34s
Rendered 172/570, time remaining: 34s
Rendered 172/570, time remaining: 34s
Rendered 173/570, time remaining: 34s
Rendered 174/570, time remaining: 34s
Rendered 175/570, time remaining: 34s
Rendered 176/570, time remaining: 34s
Rendered 177/570, time remaining: 34s
Rendered 177/570, time remaining: 34s
Rendered 178/570, time remaining: 34s
Rendered 179/570, time remaining: 34s
Rendered 180/570, time remaining: 34s
Rendered 181/570, time remaining: 34s
Rendered 182/570, time remaining: 34s
Rendered 183/570, time remaining: 34s
Rendered 184/570, time remaining: 34s
Rendered 185/570, time remaining: 33s
Rendered 185/570, time remaining: 33s
Rendered 186/570, time remaining: 34s
Rendered 187/570, time remaining: 33s
Rendered 188/570, time remaining: 34s
Rendered 189/570, time remaining: 33s
Rendered 190/570, time remaining: 34s
Rendered 191/570, time remaining: 33s
Rendered 192/570, time remaining: 34s
Rendered 192/570, time remaining: 34s
Rendered 193/570, time remaining: 33s
Rendered 194/570, time remaining: 33s
Rendered 195/570, time remaining: 33s
Rendered 196/570, time remaining: 33s
Rendered 197/570, time remaining: 33s
Rendered 197/570, time remaining: 33s
Rendered 198/570, time remaining: 33s
Rendered 199/570, time remaining: 33s
Rendered 200/570, time remaining: 33s
Rendered 201/570, time remaining: 33s
Rendered 202/570, time remaining: 33s
Rendered 203/570, time remaining: 33s
Rendered 204/570, time remaining: 33s
Rendered 204/570, time remaining: 33s
Rendered 205/570, time remaining: 33s
Rendered 206/570, time remaining: 33s
Rendered 207/570, time remaining: 33s
Rendered 208/570, time remaining: 33s
Rendered 209/570, time remaining: 33s
Rendered 210/570, time remaining: 33s
Rendered 211/570, time remaining: 33s
Rendered 211/570, time remaining: 33s
Rendered 212/570, time remaining: 33s
Rendered 213/570, time remaining: 33s
Rendered 214/570, time remaining: 33s
Rendered 215/570, time remaining: 33s
Rendered 216/570, time remaining: 33s
Rendered 217/570, time remaining: 33s
Rendered 218/570, time remaining: 33s
Rendered 219/570, time remaining: 33s
Rendered 219/570, time remaining: 33s
Rendered 220/570, time remaining: 32s
Rendered 221/570, time remaining: 32s
Rendered 222/570, time remaining: 32s
Rendered 223/570, time remaining: 32s
Rendered 224/570, time remaining: 32s
Rendered 225/570, time remaining: 32s
Rendered 226/570, time remaining: 32s
Rendered 226/570, time remaining: 32s
Rendered 227/570, time remaining: 32s
Rendered 228/570, time remaining: 32s
Rendered 229/570, time remaining: 32s
Rendered 230/570, time remaining: 32s
Rendered 231/570, time remaining: 32s
Rendered 232/570, time remaining: 32s
Rendered 232/570, time remaining: 32s
Rendered 233/570, time remaining: 32s
Rendered 234/570, time remaining: 31s
Rendered 235/570, time remaining: 31s
Rendered 236/570, time remaining: 31s
Rendered 237/570, time remaining: 31s
Rendered 238/570, time remaining: 30s
Rendered 239/570, time remaining: 30s
Rendered 240/570, time remaining: 30s
Rendered 240/570, time remaining: 30s
Rendered 241/570, time remaining: 30s
Rendered 242/570, time remaining: 29s
Rendered 243/570, time remaining: 30s
Rendered 244/570, time remaining: 29s
Rendered 245/570, time remaining: 29s
Rendered 246/570, time remaining: 29s
Rendered 246/570, time remaining: 29s
Rendered 247/570, time remaining: 29s
Rendered 248/570, time remaining: 29s
Rendered 249/570, time remaining: 29s
Rendered 250/570, time remaining: 28s
Rendered 251/570, time remaining: 28s
Rendered 252/570, time remaining: 28s
Rendered 253/570, time remaining: 28s
Rendered 254/570, time remaining: 28s
Rendered 254/570, time remaining: 28s
Rendered 255/570, time remaining: 28s
Rendered 256/570, time remaining: 28s
Rendered 257/570, time remaining: 28s
Rendered 258/570, time remaining: 28s
Rendered 259/570, time remaining: 28s
Rendered 260/570, time remaining: 27s
Rendered 261/570, time remaining: 27s
Rendered 262/570, time remaining: 27s
Rendered 262/570, time remaining: 27s
Rendered 263/570, time remaining: 27s
Rendered 264/570, time remaining: 27s
Rendered 265/570, time remaining: 27s
Rendered 266/570, time remaining: 27s
Rendered 267/570, time remaining: 27s
Rendered 268/570, time remaining: 27s
Rendered 268/570, time remaining: 27s
Rendered 269/570, time remaining: 26s
Rendered 270/570, time remaining: 26s
Rendered 271/570, time remaining: 26s
Rendered 272/570, time remaining: 26s
Rendered 273/570, time remaining: 26s
Rendered 274/570, time remaining: 26s
Rendered 275/570, time remaining: 26s
Rendered 276/570, time remaining: 26s
Rendered 276/570, time remaining: 26s
Rendered 277/570, time remaining: 26s
Rendered 278/570, time remaining: 26s
Rendered 279/570, time remaining: 26s
Rendered 280/570, time remaining: 26s
Rendered 281/570, time remaining: 25s
Rendered 282/570, time remaining: 25s
Rendered 282/570, time remaining: 25s
Rendered 283/570, time remaining: 25s
Rendered 284/570, time remaining: 25s
Rendered 285/570, time remaining: 25s
Rendered 285/570, time remaining: 25s
Rendered 286/570, time remaining: 24s
Rendered 287/570, time remaining: 24s
Rendered 287/570, time remaining: 24s
Rendered 288/570, time remaining: 24s
Rendered 289/570, time remaining: 23s
Rendered 290/570, time remaining: 23s
Rendered 291/570, time remaining: 23s
Rendered 292/570, time remaining: 23s
Rendered 293/570, time remaining: 22s
Rendered 293/570, time remaining: 22s
Rendered 294/570, time remaining: 23s
Rendered 295/570, time remaining: 22s
Rendered 296/570, time remaining: 22s
Rendered 297/570, time remaining: 22s
Rendered 298/570, time remaining: 22s
Rendered 299/570, time remaining: 22s
Rendered 299/570, time remaining: 22s
Rendered 300/570, time remaining: 22s
Rendered 301/570, time remaining: 22s
Rendered 302/570, time remaining: 22s
Rendered 303/570, time remaining: 21s
Rendered 304/570, time remaining: 22s
Rendered 305/570, time remaining: 21s
Rendered 305/570, time remaining: 21s
Rendered 306/570, time remaining: 21s
Rendered 307/570, time remaining: 21s
Rendered 308/570, time remaining: 21s
Rendered 309/570, time remaining: 21s
Rendered 309/570, time remaining: 21s
Rendered 310/570, time remaining: 21s
Rendered 311/570, time remaining: 21s
Rendered 312/570, time remaining: 21s
Rendered 313/570, time remaining: 21s
Rendered 314/570, time remaining: 21s
Rendered 315/570, time remaining: 20s
Rendered 316/570, time remaining: 20s
Rendered 317/570, time remaining: 20s
Rendered 317/570, time remaining: 20s
Rendered 318/570, time remaining: 20s
Rendered 319/570, time remaining: 20s
Rendered 320/570, time remaining: 20s
Rendered 321/570, time remaining: 20s
Rendered 322/570, time remaining: 20s
Rendered 323/570, time remaining: 20s
Rendered 324/570, time remaining: 20s
Rendered 325/570, time remaining: 20s
Rendered 325/570, time remaining: 20s
Rendered 326/570, time remaining: 19s
Rendered 327/570, time remaining: 19s
Rendered 328/570, time remaining: 19s
Rendered 329/570, time remaining: 19s
Rendered 330/570, time remaining: 19s
Rendered 331/570, time remaining: 19s
Rendered 332/570, time remaining: 19s
Rendered 332/570, time remaining: 19s
Rendered 333/570, time remaining: 19s
Rendered 334/570, time remaining: 19s
Rendered 335/570, time remaining: 19s
Rendered 336/570, time remaining: 19s
Rendered 337/570, time remaining: 19s
Rendered 338/570, time remaining: 18s
Rendered 339/570, time remaining: 18s
Rendered 339/570, time remaining: 18s
Rendered 340/570, time remaining: 18s
Rendered 341/570, time remaining: 18s
Rendered 342/570, time remaining: 18s
Rendered 343/570, time remaining: 18s
Rendered 344/570, time remaining: 18s
Rendered 345/570, time remaining: 18s
Rendered 345/570, time remaining: 18s
Rendered 346/570, time remaining: 18s
Rendered 347/570, time remaining: 18s
Rendered 348/570, time remaining: 18s
Rendered 349/570, time remaining: 17s
Rendered 350/570, time remaining: 18s
Rendered 351/570, time remaining: 17s
Rendered 351/570, time remaining: 17s
Rendered 352/570, time remaining: 17s
Rendered 353/570, time remaining: 17s
Rendered 354/570, time remaining: 17s
Rendered 355/570, time remaining: 17s
Rendered 356/570, time remaining: 17s
Rendered 357/570, time remaining: 17s
Rendered 358/570, time remaining: 17s
Rendered 359/570, time remaining: 17s
Rendered 359/570, time remaining: 17s
Rendered 360/570, time remaining: 17s
Rendered 361/570, time remaining: 16s
Rendered 362/570, time remaining: 16s
Rendered 363/570, time remaining: 16s
Rendered 364/570, time remaining: 16s
Rendered 365/570, time remaining: 16s
Rendered 366/570, time remaining: 16s
Rendered 367/570, time remaining: 16s
Rendered 367/570, time remaining: 16s
Rendered 368/570, time remaining: 16s
Rendered 369/570, time remaining: 16s
Rendered 370/570, time remaining: 16s
Rendered 371/570, time remaining: 16s
Rendered 372/570, time remaining: 16s
Rendered 373/570, time remaining: 16s
Rendered 374/570, time remaining: 15s
Rendered 375/570, time remaining: 15s
Rendered 375/570, time remaining: 15s
Rendered 376/570, time remaining: 15s
Rendered 377/570, time remaining: 15s
Rendered 378/570, time remaining: 15s
Rendered 379/570, time remaining: 15s
Rendered 380/570, time remaining: 15s
Rendered 381/570, time remaining: 15s
Rendered 382/570, time remaining: 15s
Rendered 383/570, time remaining: 15s
Rendered 383/570, time remaining: 15s
Rendered 384/570, time remaining: 14s
Rendered 385/570, time remaining: 14s
Rendered 386/570, time remaining: 14s
Rendered 387/570, time remaining: 14s
Rendered 388/570, time remaining: 14s
Rendered 389/570, time remaining: 14s
Rendered 390/570, time remaining: 14s
Rendered 391/570, time remaining: 14s
Rendered 391/570, time remaining: 14s
Rendered 392/570, time remaining: 14s
Rendered 393/570, time remaining: 14s
Rendered 394/570, time remaining: 14s
Rendered 395/570, time remaining: 14s
Rendered 396/570, time remaining: 13s
Rendered 397/570, time remaining: 13s
Rendered 398/570, time remaining: 13s
Rendered 399/570, time remaining: 13s
Rendered 399/570, time remaining: 13s
Rendered 400/570, time remaining: 13s
Rendered 401/570, time remaining: 13s
Rendered 402/570, time remaining: 13s
Rendered 403/570, time remaining: 13s
Rendered 404/570, time remaining: 13s
Rendered 405/570, time remaining: 13s
Rendered 406/570, time remaining: 13s
Rendered 407/570, time remaining: 12s
Rendered 407/570, time remaining: 12s
Rendered 408/570, time remaining: 12s
Rendered 409/570, time remaining: 12s
Rendered 410/570, time remaining: 12s
Rendered 411/570, time remaining: 12s
Rendered 412/570, time remaining: 12s
Rendered 413/570, time remaining: 12s
Rendered 414/570, time remaining: 12s
Rendered 415/570, time remaining: 12s
Rendered 415/570, time remaining: 12s
Rendered 416/570, time remaining: 12s
Rendered 417/570, time remaining: 11s
Rendered 418/570, time remaining: 11s
Rendered 419/570, time remaining: 11s
Rendered 420/570, time remaining: 11s
Rendered 420/570, time remaining: 11s
Rendered 421/570, time remaining: 12s
Rendered 422/570, time remaining: 12s
Rendered 422/570, time remaining: 12s
Rendered 423/570, time remaining: 12s
Rendered 424/570, time remaining: 11s
Rendered 425/570, time remaining: 11s
Rendered 426/570, time remaining: 11s
Rendered 427/570, time remaining: 11s
Rendered 428/570, time remaining: 11s
Rendered 429/570, time remaining: 11s
Rendered 429/570, time remaining: 11s
Rendered 430/570, time remaining: 11s
Rendered 431/570, time remaining: 11s
Rendered 432/570, time remaining: 11s
Rendered 433/570, time remaining: 11s
Rendered 434/570, time remaining: 11s
Rendered 434/570, time remaining: 11s
Rendered 435/570, time remaining: 11s
Rendered 436/570, time remaining: 10s
Rendered 437/570, time remaining: 10s
Rendered 438/570, time remaining: 10s
Rendered 439/570, time remaining: 10s
Rendered 440/570, time remaining: 10s
Rendered 440/570, time remaining: 10s
Rendered 441/570, time remaining: 10s
Rendered 442/570, time remaining: 10s
Rendered 443/570, time remaining: 10s
Rendered 444/570, time remaining: 9s
Rendered 445/570, time remaining: 9s
Rendered 446/570, time remaining: 9s
Rendered 446/570, time remaining: 9s
Rendered 447/570, time remaining: 9s
Rendered 448/570, time remaining: 9s
Rendered 449/570, time remaining: 9s
Rendered 450/570, time remaining: 9s
Rendered 451/570, time remaining: 9s
Rendered 452/570, time remaining: 9s
Rendered 453/570, time remaining: 9s
Rendered 454/570, time remaining: 8s
Rendered 454/570, time remaining: 8s
Rendered 455/570, time remaining: 8s
Rendered 456/570, time remaining: 8s
Rendered 457/570, time remaining: 8s
Rendered 458/570, time remaining: 8s
Rendered 459/570, time remaining: 8s
Rendered 460/570, time remaining: 8s
Rendered 461/570, time remaining: 8s
Rendered 462/570, time remaining: 8s
Rendered 462/570, time remaining: 8s
Rendered 463/570, time remaining: 8s
Rendered 464/570, time remaining: 7s
Rendered 465/570, time remaining: 7s
Rendered 466/570, time remaining: 7s
Rendered 467/570, time remaining: 7s
Rendered 468/570, time remaining: 7s
Rendered 469/570, time remaining: 7s
Rendered 470/570, time remaining: 7s
Rendered 471/570, time remaining: 7s
Rendered 472/570, time remaining: 7s
Rendered 472/570, time remaining: 7s
Rendered 473/570, time remaining: 7s
Rendered 474/570, time remaining: 7s
Rendered 475/570, time remaining: 7s
Rendered 476/570, time remaining: 7s
Rendered 477/570, time remaining: 7s
Rendered 477/570, time remaining: 7s
Rendered 478/570, time remaining: 6s
Rendered 479/570, time remaining: 6s
Rendered 480/570, time remaining: 6s
Rendered 481/570, time remaining: 6s
Rendered 482/570, time remaining: 6s
Rendered 483/570, time remaining: 6s
Rendered 484/570, time remaining: 6s
Rendered 484/570, time remaining: 6s
Rendered 485/570, time remaining: 6s
Rendered 486/570, time remaining: 6s
Rendered 487/570, time remaining: 6s
Rendered 488/570, time remaining: 6s
Rendered 489/570, time remaining: 6s
Rendered 490/570, time remaining: 6s
Rendered 490/570, time remaining: 6s
Rendered 491/570, time remaining: 5s
Rendered 492/570, time remaining: 5s
Rendered 493/570, time remaining: 5s
Rendered 494/570, time remaining: 5s
Rendered 495/570, time remaining: 5s
Rendered 496/570, time remaining: 5s
Rendered 497/570, time remaining: 5s
Rendered 498/570, time remaining: 5s
Rendered 498/570, time remaining: 5s
Rendered 499/570, time remaining: 5s
Rendered 500/570, time remaining: 5s
Rendered 501/570, time remaining: 5s
Rendered 502/570, time remaining: 5s
Rendered 503/570, time remaining: 5s
Rendered 504/570, time remaining: 4s
Rendered 504/570, time remaining: 4s
Rendered 505/570, time remaining: 4s
Rendered 506/570, time remaining: 4s
Rendered 507/570, time remaining: 4s
Rendered 508/570, time remaining: 4s
Rendered 509/570, time remaining: 4s
Rendered 510/570, time remaining: 4s
Rendered 511/570, time remaining: 4s
Rendered 511/570, time remaining: 4s
Rendered 512/570, time remaining: 4s
Rendered 513/570, time remaining: 4s
Rendered 514/570, time remaining: 4s
Rendered 515/570, time remaining: 4s
Rendered 516/570, time remaining: 4s
Rendered 517/570, time remaining: 4s
Rendered 518/570, time remaining: 3s
Rendered 519/570, time remaining: 3s
Rendered 519/570, time remaining: 3s
Rendered 520/570, time remaining: 3s
Rendered 521/570, time remaining: 3s
Rendered 522/570, time remaining: 3s
Rendered 523/570, time remaining: 3s
Rendered 524/570, time remaining: 3s
Rendered 525/570, time remaining: 3s
Rendered 525/570, time remaining: 3s
Rendered 526/570, time remaining: 3s
Rendered 527/570, time remaining: 3s
Rendered 528/570, time remaining: 3s
Rendered 529/570, time remaining: 3s
Rendered 530/570, time remaining: 3s
Rendered 531/570, time remaining: 2s
Rendered 532/570, time remaining: 2s
Rendered 532/570, time remaining: 2s
Rendered 533/570, time remaining: 2s
Rendered 534/570, time remaining: 2s
Rendered 535/570, time remaining: 2s
Rendered 536/570, time remaining: 2s
Rendered 537/570, time remaining: 2s
Rendered 538/570, time remaining: 2s
Rendered 539/570, time remaining: 2s
Rendered 539/570, time remaining: 2s
Rendered 540/570, time remaining: 2s
Rendered 541/570, time remaining: 2s
Rendered 542/570, time remaining: 2s
Rendered 543/570, time remaining: 2s
Rendered 544/570, time remaining: 2s
Rendered 545/570, time remaining: 1s
Rendered 545/570, time remaining: 1s
Rendered 546/570, time remaining: 1s
Rendered 547/570, time remaining: 1s
Rendered 548/570, time remaining: 1s
Rendered 549/570, time remaining: 1s
Rendered 550/570, time remaining: 1s
Rendered 551/570, time remaining: 1s
Rendered 551/570, time remaining: 1s
Rendered 552/570, time remaining: 1s
Rendered 553/570, time remaining: 1s
Rendered 554/570, time remaining: 1s
Rendered 555/570, time remaining: 1s
Rendered 555/570, time remaining: 1s
Rendered 556/570, time remaining: 1s
Rendered 557/570, time remaining: 1s
Rendered 558/570, time remaining: 0s
Rendered 559/570, time remaining: 0s
Rendered 560/570, time remaining: 0s
Rendered 561/570, time remaining: 0s
Rendered 562/570, time remaining: 0s
Rendered 563/570, time remaining: 0s
Rendered 563/570, time remaining: 0s
Rendered 564/570, time remaining: 0s
Rendered 565/570, time remaining: 0s
Rendered 566/570, time remaining: 0s
Rendered 567/570, time remaining: 0s
Rendered 568/570, time remaining: 0s
Rendered 569/570, time remaining: 0s
Encoded 410/570
Encoded 417/570
Encoded 430/570
Encoded 444/570
Encoded 456/570
Encoded 570/570
[34m+                    out/final4.mp4[39m [90m19 MB[39m
